[1010/081400.337:ERROR:directory_reader_win.cc(43)] FindFirstFile: 지정된 경로를 찾을 수 없습니다. (0x3)
[1010/105234.741:ERROR:process_memory_win.cc(73)] ReadMemory at 0x7ff728b10000 of 64 bytes failed: ReadProcessMemory 또는 WriteProcessMemory의 일부 작업만을 마쳤습니다. (0x12B)
[1010/105234.798:WARNING:pe_image_reader.cc(340)] could not read dos header from C:\Program Files\Google\Chrome\Application\chrome.exe
[1010/105234.798:ERROR:process_memory_win.cc(73)] ReadMemory at 0x7ffc82bc0000 of 64 bytes failed: ReadProcessMemory 또는 WriteProcessMemory의 일부 작업만을 마쳤습니다. (0x12B)
[1010/105234.798:WARNING:pe_image_reader.cc(340)] could not read dos header from C:\WINDOWS\SYSTEM32\ntdll.dll
[1010/105234.798:ERROR:process_memory_win.cc(73)] ReadMemory at 0x7ffc82480000 of 64 bytes failed: ReadProcessMemory 또는 WriteProcessMemory의 일부 작업만을 마쳤습니다. (0x12B)
[1010/105234.827:WARNING:pe_image_reader.cc(340)] could not read dos header from C:\WINDOWS\System32\KERNEL32.DLL
[1010/105234.827:ERROR:process_memory_win.cc(73)] ReadMemory at 0x7ffc80780000 of 64 bytes failed: ReadProcessMemory 또는 WriteProcessMemory의 일부 작업만을 마쳤습니다. (0x12B)
[1010/105234.827:WARNING:pe_image_reader.cc(340)] could not read dos header from C:\WINDOWS\System32\KERNELBASE.dll
[1010/105234.827:ERROR:process_memory_win.cc(73)] ReadMemory at 0x7ffc64740000 of 64 bytes failed: ReadProcessMemory 또는 WriteProcessMemory의 일부 작업만을 마쳤습니다. (0x12B)
[1010/105234.827:WARNING:pe_image_reader.cc(340)] could not read dos header from C:\Program Files\Google\Chrome\Application\86.0.4240.75\chrome_elf.dll
[1010/105234.827:ERROR:process_memory_win.cc(73)] ReadMemory at 0x7ffc72a30000 of 64 bytes failed: ReadProcessMemory 또는 WriteProcessMemory의 일부 작업만을 마쳤습니다. (0x12B)
[1010/105234.827:WARNING:pe_image_reader.cc(340)] could not read dos header from C:\WINDOWS\SYSTEM32\VERSION.dll
[1010/105234.827:ERROR:process_memory_win.cc(73)] ReadMemory at 0x127585a0000 of 64 bytes failed: ReadProcessMemory 또는 WriteProcessMemory의 일부 작업만을 마쳤습니다. (0x12B)
[1010/105234.827:WARNING:pe_image_reader.cc(340)] could not read dos header from C:\WINDOWS\System32\msvcrt.dll
[1010/105234.827:ERROR:process_memory_win.cc(73)] ReadMemory at 0x7ffc7fb50000 of 64 bytes failed: ReadProcessMemory 또는 WriteProcessMemory의 일부 작업만을 마쳤습니다. (0x12B)
[1010/105234.827:WARNING:pe_image_reader.cc(340)] could not read dos header from C:\WINDOWS\System32\bcryptPrimitives.dll
[1010/105234.827:ERROR:process_memory_win.cc(73)] ReadMemory at 0x7ffc82ad0000 of 64 bytes failed: ReadProcessMemory 또는 WriteProcessMemory의 일부 작업만을 마쳤습니다. (0x12B)
[1010/105234.828:WARNING:pe_image_reader.cc(340)] could not read dos header from C:\WINDOWS\System32\ADVAPI32.dll
[1010/105234.828:ERROR:process_memory_win.cc(73)] ReadMemory at 0x7ffc80d80000 of 64 bytes failed: ReadProcessMemory 또는 WriteProcessMemory의 일부 작업만을 마쳤습니다. (0x12B)
[1010/105234.828:WARNING:pe_image_reader.cc(340)] could not read dos header from C:\WINDOWS\System32\sechost.dll
[1010/105234.828:ERROR:process_memory_win.cc(73)] ReadMemory at 0x7ffc82270000 of 64 bytes failed: ReadProcessMemory 또는 WriteProcessMemory의 일부 작업만을 마쳤습니다. (0x12B)
[1010/105234.828:WARNING:pe_image_reader.cc(340)] could not read dos header from C:\WINDOWS\System32\RPCRT4.dll
[1010/105234.828:ERROR:process_memory_win.cc(73)] ReadMemory at 0x7ffc3b330000 of 64 bytes failed: ReadProcessMemory 또는 WriteProcessMemory의 일부 작업만을 마쳤습니다. (0x12B)
[1010/105234.828:WARNING:pe_image_reader.cc(340)] could not read dos header from C:\Program Files\Google\Chrome\Application\86.0.4240.75\chrome.dll
[1010/105234.828:ERROR:process_memory_win.cc(73)] ReadMemory at 0x7ffc825e0000 of 64 bytes failed: ReadProcessMemory 또는 WriteProcessMemory의 일부 작업만을 마쳤습니다. (0x12B)
[1010/105234.828:WARNING:pe_image_reader.cc(340)] could not read dos header from C:\WINDOWS\System32\WS2_32.dll
[1010/105234.828:ERROR:process_memory_win.cc(73)] ReadMemory at 0x7ffc815c0000 of 64 bytes failed: ReadProcessMemory 또는 WriteProcessMemory의 일부 작업만을 마쳤습니다. (0x12B)
[1010/105234.828:WARNING:pe_image_reader.cc(340)] could not read dos header from C:\WINDOWS\System32\OLEAUT32.dll
[1010/105234.828:ERROR:process_memory_win.cc(73)] ReadMemory at 0x7ffc80a30000 of 64 bytes failed: ReadProcessMemory 또는 WriteProcessMemory의 일부 작업만을 마쳤습니다. (0x12B)
[1010/105234.828:WARNING:pe_image_reader.cc(340)] could not read dos header from C:\WINDOWS\System32\msvcp_win.dll
[1010/105234.828:ERROR:process_memory_win.cc(73)] ReadMemory at 0x7ffc803b0000 of 64 bytes failed: ReadProcessMemory 또는 WriteProcessMemory의 일부 작업만을 마쳤습니다. (0x12B)
[1010/105234.828:WARNING:pe_image_reader.cc(340)] could not read dos header from C:\WINDOWS\System32\ucrtbase.dll
[1010/105234.828:ERROR:process_memory_win.cc(73)] ReadMemory at 0x7ffc81f30000 of 64 bytes failed: ReadProcessMemory 또는 WriteProcessMemory의 일부 작업만을 마쳤습니다. (0x12B)
[1010/105234.828:WARNING:pe_image_reader.cc(340)] could not read dos header from C:\WINDOWS\System32\combase.dll
[1010/105234.828:ERROR:process_memory_win.cc(73)] ReadMemory at 0x7ffc80620000 of 64 bytes failed: ReadProcessMemory 또는 WriteProcessMemory의 일부 작업만을 마쳤습니다. (0x12B)
[1010/105234.828:WARNING:pe_image_reader.cc(340)] could not read dos header from C:\WINDOWS\System32\WINTRUST.dll
[1010/105234.828:ERROR:process_memory_win.cc(73)] ReadMemory at 0x7ffc7fb30000 of 64 bytes failed: ReadProcessMemory 또는 WriteProcessMemory의 일부 작업만을 마쳤습니다. (0x12B)
[1010/105234.828:WARNING:pe_image_reader.cc(340)] could not read dos header from C:\WINDOWS\System32\MSASN1.dll
[1010/105234.828:ERROR:process_memory_win.cc(73)] ReadMemory at 0x7ffc804d0000 of 64 bytes failed: ReadProcessMemory 또는 WriteProcessMemory의 일부 작업만을 마쳤습니다. (0x12B)
[1010/105234.828:WARNING:pe_image_reader.cc(340)] could not read dos header from C:\WINDOWS\System32\CRYPT32.dll
[1010/105234.828:ERROR:process_memory_win.cc(73)] ReadMemory at 0x7ffc7e340000 of 64 bytes failed: ReadProcessMemory 또는 WriteProcessMemory의 일부 작업만을 마쳤습니다. (0x12B)
[1010/105234.828:WARNING:pe_image_reader.cc(340)] could not read dos header from C:\WINDOWS\SYSTEM32\dbghelp.dll
[1010/105234.828:ERROR:process_memory_win.cc(73)] ReadMemory at 0x7ffc7efe0000 of 64 bytes failed: ReadProcessMemory 또는 WriteProcessMemory의 일부 작업만을 마쳤습니다. (0x12B)
[1010/105234.828:WARNING:pe_image_reader.cc(340)] could not read dos header from C:\WINDOWS\SYSTEM32\IPHLPAPI.DLL
[1010/105234.829:ERROR:process_memory_win.cc(73)] ReadMemory at 0x7ffc7c330000 of 64 bytes failed: ReadProcessMemory 또는 WriteProcessMemory의 일부 작업만을 마쳤습니다. (0x12B)
[1010/105234.829:WARNING:pe_image_reader.cc(340)] could not read dos header from C:\WINDOWS\SYSTEM32\WINMM.dll
[1010/105234.829:ERROR:process_memory_win.cc(73)] ReadMemory at 0x7ffc56e90000 of 64 bytes failed: ReadProcessMemory 또는 WriteProcessMemory의 일부 작업만을 마쳤습니다. (0x12B)
[1010/105234.829:WARNING:pe_image_reader.cc(340)] could not read dos header from C:\WINDOWS\SYSTEM32\UIAutomationCore.DLL
[1010/105234.829:ERROR:process_memory_win.cc(73)] ReadMemory at 0x7ffc6f190000 of 64 bytes failed: ReadProcessMemory 또는 WriteProcessMemory의 일부 작업만을 마쳤습니다. (0x12B)
[1010/105234.829:WARNING:pe_image_reader.cc(340)] could not read dos header from C:\WINDOWS\SYSTEM32\Secur32.dll
[1010/105234.829:ERROR:process_memory_win.cc(73)] ReadMemory at 0x7ffc7f960000 of 64 bytes failed: ReadProcessMemory 또는 WriteProcessMemory의 일부 작업만을 마쳤습니다. (0x12B)
[1010/105234.829:WARNING:pe_image_reader.cc(340)] could not read dos header from C:\WINDOWS\SYSTEM32\USERENV.dll
[1010/105234.829:ERROR:process_memory_win.cc(73)] ReadMemory at 0x7ffc7fa90000 of 64 bytes failed: ReadProcessMemory 또는 WriteProcessMemory의 일부 작업만을 마쳤습니다. (0x12B)
[1010/105234.829:WARNING:pe_image_reader.cc(340)] could not read dos header from C:\WINDOWS\System32\profapi.dll
[1010/105234.829:ERROR:process_memory_win.cc(73)] ReadMemory at 0x7ffc68600000 of 64 bytes failed: ReadProcessMemory 또는 WriteProcessMemory의 일부 작업만을 마쳤습니다. (0x12B)
[1010/105234.829:WARNING:pe_image_reader.cc(340)] could not read dos header from C:\WINDOWS\SYSTEM32\DWrite.dll
[1010/105234.829:ERROR:process_memory_win.cc(73)] ReadMemory at 0x7ffc70420000 of 64 bytes failed: ReadProcessMemory 또는 WriteProcessMemory의 일부 작업만을 마쳤습니다. (0x12B)
[1010/105234.829:WARNING:pe_image_reader.cc(340)] could not read dos header from C:\WINDOWS\SYSTEM32\WINSPOOL.DRV
[1010/105234.829:ERROR:process_memory_win.cc(73)] ReadMemory at 0x7ffc7fac0000 of 64 bytes failed: ReadProcessMemory 또는 WriteProcessMemory의 일부 작업만을 마쳤습니다. (0x12B)
[1010/105234.829:WARNING:pe_image_reader.cc(340)] could not read dos header from C:\WINDOWS\System32\kernel.appcore.dll
[1010/105234.829:ERROR:process_memory_win.cc(73)] ReadMemory at 0x7ffc80380000 of 64 bytes failed: ReadProcessMemory 또는 WriteProcessMemory의 일부 작업만을 마쳤습니다. (0x12B)
[1010/105234.829:WARNING:pe_image_reader.cc(340)] could not read dos header from C:\WINDOWS\System32\bcrypt.dll
[1010/105234.829:ERROR:process_memory_win.cc(73)] ReadMemory at 0x7ffc722e0000 of 64 bytes failed: ReadProcessMemory 또는 WriteProcessMemory의 일부 작업만을 마쳤습니다. (0x12B)
[1010/105234.829:WARNING:pe_image_reader.cc(340)] could not read dos header from C:\WINDOWS\SYSTEM32\WINHTTP.dll
[1010/105234.829:ERROR:process_memory_win.cc(73)] ReadMemory at 0x7ffc747c0000 of 64 bytes failed: ReadProcessMemory 또는 WriteProcessMemory의 일부 작업만을 마쳤습니다. (0x12B)
[1010/105234.829:WARNING:pe_image_reader.cc(340)] could not read dos header from C:\WINDOWS\SYSTEM32\dhcpcsvc.DLL
[1010/105234.829:ERROR:process_memory_win.cc(73)] ReadMemory at 0x7ffc82650000 of 64 bytes failed: ReadProcessMemory 또는 WriteProcessMemory의 일부 작업만을 마쳤습니다. (0x12B)
[1010/105234.829:WARNING:pe_image_reader.cc(340)] could not read dos header from C:\WINDOWS\System32\NSI.dll
[1010/105234.829:ERROR:process_memory_win.cc(73)] ReadMemory at 0x7ffc7c300000 of 64 bytes failed: ReadProcessMemory 또는 WriteProcessMemory의 일부 작업만을 마쳤습니다. (0x12B)
[1010/105234.829:WARNING:pe_image_reader.cc(340)] could not read dos header from C:\WINDOWS\SYSTEM32\WINMMBASE.dll
[1010/105234.829:ERROR:process_memory_win.cc(73)] ReadMemory at 0x7ffc80730000 of 64 bytes failed: ReadProcessMemory 또는 WriteProcessMemory의 일부 작업만을 마쳤습니다. (0x12B)
[1010/105234.829:WARNING:pe_image_reader.cc(340)] could not read dos header from C:\WINDOWS\System32\cfgmgr32.dll
[1010/105234.829:ERROR:process_memory_win.cc(73)] ReadMemory at 0x7ffc7c050000 of 64 bytes failed: ReadProcessMemory 또는 WriteProcessMemory의 일부 작업만을 마쳤습니다. (0x12B)
[1010/105234.829:WARNING:pe_image_reader.cc(340)] could not read dos header from C:\WINDOWS\SYSTEM32\PROPSYS.dll
[1010/105234.830:ERROR:process_memory_win.cc(73)] ReadMemory at 0x7ffc80cd0000 of 64 bytes failed: ReadProcessMemory 또는 WriteProcessMemory의 일부 작업만을 마쳤습니다. (0x12B)
[1010/105234.830:WARNING:pe_image_reader.cc(340)] could not read dos header from C:\WINDOWS\System32\shcore.dll
[1010/105234.830:ERROR:process_memory_win.cc(73)] ReadMemory at 0x7ffc7f990000 of 64 bytes failed: ReadProcessMemory 또는 WriteProcessMemory의 일부 작업만을 마쳤습니다. (0x12B)
[1010/105234.830:WARNING:pe_image_reader.cc(340)] could not read dos header from C:\WINDOWS\SYSTEM32\SSPICLI.DLL
[1010/105234.830:ERROR:process_memory_win.cc(73)] ReadMemory at 0x7ffc7f4a0000 of 64 bytes failed: ReadProcessMemory 또는 WriteProcessMemory의 일부 작업만을 마쳤습니다. (0x12B)
[1010/105234.830:WARNING:pe_image_reader.cc(340)] could not read dos header from C:\WINDOWS\SYSTEM32\CRYPTBASE.DLL
[1010/105234.896:ERROR:process_memory_win.cc(73)] ReadMemory at 0x7ff728b10000 of 64 bytes failed: ReadProcessMemory 또는 WriteProcessMemory의 일부 작업만을 마쳤습니다. (0x12B)
[1010/105234.896:WARNING:pe_image_reader.cc(340)] could not read dos header from C:\Program Files\Google\Chrome\Application\chrome.exe
[1010/105234.896:ERROR:process_memory_win.cc(73)] ReadMemory at 0x7ffc82bc0000 of 64 bytes failed: ReadProcessMemory 또는 WriteProcessMemory의 일부 작업만을 마쳤습니다. (0x12B)
[1010/105234.896:WARNING:pe_image_reader.cc(340)] could not read dos header from C:\WINDOWS\SYSTEM32\ntdll.dll
[1010/105234.896:ERROR:process_memory_win.cc(73)] ReadMemory at 0x7ffc82480000 of 64 bytes failed: ReadProcessMemory 또는 WriteProcessMemory의 일부 작업만을 마쳤습니다. (0x12B)
[1010/105234.896:WARNING:pe_image_reader.cc(340)] could not read dos header from C:\WINDOWS\System32\KERNEL32.DLL
[1010/105234.896:ERROR:process_memory_win.cc(73)] ReadMemory at 0x7ffc80780000 of 64 bytes failed: ReadProcessMemory 또는 WriteProcessMemory의 일부 작업만을 마쳤습니다. (0x12B)
[1010/105234.896:WARNING:pe_image_reader.cc(340)] could not read dos header from C:\WINDOWS\System32\KERNELBASE.dll
[1010/105234.896:ERROR:process_memory_win.cc(73)] ReadMemory at 0x7ffc64740000 of 64 bytes failed: ReadProcessMemory 또는 WriteProcessMemory의 일부 작업만을 마쳤습니다. (0x12B)
[1010/105234.896:WARNING:pe_image_reader.cc(340)] could not read dos header from C:\Program Files\Google\Chrome\Application\86.0.4240.75\chrome_elf.dll
[1010/105234.896:ERROR:process_memory_win.cc(73)] ReadMemory at 0x7ffc72a30000 of 64 bytes failed: ReadProcessMemory 또는 WriteProcessMemory의 일부 작업만을 마쳤습니다. (0x12B)
[1010/105234.896:WARNING:pe_image_reader.cc(340)] could not read dos header from C:\WINDOWS\SYSTEM32\VERSION.dll
[1010/105234.896:ERROR:process_memory_win.cc(73)] ReadMemory at 0x127585a0000 of 64 bytes failed: ReadProcessMemory 또는 WriteProcessMemory의 일부 작업만을 마쳤습니다. (0x12B)
[1010/105234.896:WARNING:pe_image_reader.cc(340)] could not read dos header from C:\WINDOWS\System32\msvcrt.dll
[1010/105234.896:ERROR:process_memory_win.cc(73)] ReadMemory at 0x7ffc7fb50000 of 64 bytes failed: ReadProcessMemory 또는 WriteProcessMemory의 일부 작업만을 마쳤습니다. (0x12B)
[1010/105234.896:WARNING:pe_image_reader.cc(340)] could not read dos header from C:\WINDOWS\System32\bcryptPrimitives.dll
[1010/105234.896:ERROR:process_memory_win.cc(73)] ReadMemory at 0x7ffc82ad0000 of 64 bytes failed: ReadProcessMemory 또는 WriteProcessMemory의 일부 작업만을 마쳤습니다. (0x12B)
[1010/105234.896:WARNING:pe_image_reader.cc(340)] could not read dos header from C:\WINDOWS\System32\ADVAPI32.dll
[1010/105234.896:ERROR:process_memory_win.cc(73)] ReadMemory at 0x7ffc80d80000 of 64 bytes failed: ReadProcessMemory 또는 WriteProcessMemory의 일부 작업만을 마쳤습니다. (0x12B)
[1010/105234.896:WARNING:pe_image_reader.cc(340)] could not read dos header from C:\WINDOWS\System32\sechost.dll
[1010/105234.896:ERROR:process_memory_win.cc(73)] ReadMemory at 0x7ffc82270000 of 64 bytes failed: ReadProcessMemory 또는 WriteProcessMemory의 일부 작업만을 마쳤습니다. (0x12B)
[1010/105234.896:WARNING:pe_image_reader.cc(340)] could not read dos header from C:\WINDOWS\System32\RPCRT4.dll
[1010/105234.896:ERROR:process_memory_win.cc(73)] ReadMemory at 0x7ffc3b330000 of 64 bytes failed: ReadProcessMemory 또는 WriteProcessMemory의 일부 작업만을 마쳤습니다. (0x12B)
[1010/105234.896:WARNING:pe_image_reader.cc(340)] could not read dos header from C:\Program Files\Google\Chrome\Application\86.0.4240.75\chrome.dll
[1010/105234.896:ERROR:process_memory_win.cc(73)] ReadMemory at 0x7ffc825e0000 of 64 bytes failed: ReadProcessMemory 또는 WriteProcessMemory의 일부 작업만을 마쳤습니다. (0x12B)
[1010/105234.897:WARNING:pe_image_reader.cc(340)] could not read dos header from C:\WINDOWS\System32\WS2_32.dll
[1010/105234.897:ERROR:process_memory_win.cc(73)] ReadMemory at 0x7ffc815c0000 of 64 bytes failed: ReadProcessMemory 또는 WriteProcessMemory의 일부 작업만을 마쳤습니다. (0x12B)
[1010/105234.897:WARNING:pe_image_reader.cc(340)] could not read dos header from C:\WINDOWS\System32\OLEAUT32.dll
[1010/105234.897:ERROR:process_memory_win.cc(73)] ReadMemory at 0x7ffc80a30000 of 64 bytes failed: ReadProcessMemory 또는 WriteProcessMemory의 일부 작업만을 마쳤습니다. (0x12B)
[1010/105234.897:WARNING:pe_image_reader.cc(340)] could not read dos header from C:\WINDOWS\System32\msvcp_win.dll
[1010/105234.897:ERROR:process_memory_win.cc(73)] ReadMemory at 0x7ffc803b0000 of 64 bytes failed: ReadProcessMemory 또는 WriteProcessMemory의 일부 작업만을 마쳤습니다. (0x12B)
[1010/105234.897:WARNING:pe_image_reader.cc(340)] could not read dos header from C:\WINDOWS\System32\ucrtbase.dll
[1010/105234.897:ERROR:process_memory_win.cc(73)] ReadMemory at 0x7ffc81f30000 of 64 bytes failed: ReadProcessMemory 또는 WriteProcessMemory의 일부 작업만을 마쳤습니다. (0x12B)
[1010/105234.897:WARNING:pe_image_reader.cc(340)] could not read dos header from C:\WINDOWS\System32\combase.dll
[1010/105234.897:ERROR:process_memory_win.cc(73)] ReadMemory at 0x7ffc80620000 of 64 bytes failed: ReadProcessMemory 또는 WriteProcessMemory의 일부 작업만을 마쳤습니다. (0x12B)
[1010/105234.897:WARNING:pe_image_reader.cc(340)] could not read dos header from C:\WINDOWS\System32\WINTRUST.dll
[1010/105234.897:ERROR:process_memory_win.cc(73)] ReadMemory at 0x7ffc7fb30000 of 64 bytes failed: ReadProcessMemory 또는 WriteProcessMemory의 일부 작업만을 마쳤습니다. (0x12B)
[1010/105234.897:WARNING:pe_image_reader.cc(340)] could not read dos header from C:\WINDOWS\System32\MSASN1.dll
[1010/105234.897:ERROR:process_memory_win.cc(73)] ReadMemory at 0x7ffc804d0000 of 64 bytes failed: ReadProcessMemory 또는 WriteProcessMemory의 일부 작업만을 마쳤습니다. (0x12B)
[1010/105234.897:WARNING:pe_image_reader.cc(340)] could not read dos header from C:\WINDOWS\System32\CRYPT32.dll
[1010/105234.897:ERROR:process_memory_win.cc(73)] ReadMemory at 0x7ffc7e340000 of 64 bytes failed: ReadProcessMemory 또는 WriteProcessMemory의 일부 작업만을 마쳤습니다. (0x12B)
[1010/105234.897:WARNING:pe_image_reader.cc(340)] could not read dos header from C:\WINDOWS\SYSTEM32\dbghelp.dll
[1010/105234.897:ERROR:process_memory_win.cc(73)] ReadMemory at 0x7ffc7efe0000 of 64 bytes failed: ReadProcessMemory 또는 WriteProcessMemory의 일부 작업만을 마쳤습니다. (0x12B)
[1010/105234.897:WARNING:pe_image_reader.cc(340)] could not read dos header from C:\WINDOWS\SYSTEM32\IPHLPAPI.DLL
[1010/105234.897:ERROR:process_memory_win.cc(73)] ReadMemory at 0x7ffc7c330000 of 64 bytes failed: ReadProcessMemory 또는 WriteProcessMemory의 일부 작업만을 마쳤습니다. (0x12B)
[1010/105234.897:WARNING:pe_image_reader.cc(340)] could not read dos header from C:\WINDOWS\SYSTEM32\WINMM.dll
[1010/105234.897:ERROR:process_memory_win.cc(73)] ReadMemory at 0x7ffc56e90000 of 64 bytes failed: ReadProcessMemory 또는 WriteProcessMemory의 일부 작업만을 마쳤습니다. (0x12B)
[1010/105234.897:WARNING:pe_image_reader.cc(340)] could not read dos header from C:\WINDOWS\SYSTEM32\UIAutomationCore.DLL
[1010/105234.897:ERROR:process_memory_win.cc(73)] ReadMemory at 0x7ffc6f190000 of 64 bytes failed: ReadProcessMemory 또는 WriteProcessMemory의 일부 작업만을 마쳤습니다. (0x12B)
[1010/105234.897:WARNING:pe_image_reader.cc(340)] could not read dos header from C:\WINDOWS\SYSTEM32\Secur32.dll
[1010/105234.897:ERROR:process_memory_win.cc(73)] ReadMemory at 0x7ffc7f960000 of 64 bytes failed: ReadProcessMemory 또는 WriteProcessMemory의 일부 작업만을 마쳤습니다. (0x12B)
[1010/105234.897:WARNING:pe_image_reader.cc(340)] could not read dos header from C:\WINDOWS\SYSTEM32\USERENV.dll
[1010/105234.897:ERROR:process_memory_win.cc(73)] ReadMemory at 0x7ffc7fa90000 of 64 bytes failed: ReadProcessMemory 또는 WriteProcessMemory의 일부 작업만을 마쳤습니다. (0x12B)
[1010/105234.898:WARNING:pe_image_reader.cc(340)] could not read dos header from C:\WINDOWS\System32\profapi.dll
[1010/105234.898:ERROR:process_memory_win.cc(73)] ReadMemory at 0x7ffc68600000 of 64 bytes failed: ReadProcessMemory 또는 WriteProcessMemory의 일부 작업만을 마쳤습니다. (0x12B)
[1010/105234.898:WARNING:pe_image_reader.cc(340)] could not read dos header from C:\WINDOWS\SYSTEM32\DWrite.dll
[1010/105234.898:ERROR:process_memory_win.cc(73)] ReadMemory at 0x7ffc70420000 of 64 bytes failed: ReadProcessMemory 또는 WriteProcessMemory의 일부 작업만을 마쳤습니다. (0x12B)
[1010/105234.898:WARNING:pe_image_reader.cc(340)] could not read dos header from C:\WINDOWS\SYSTEM32\WINSPOOL.DRV
[1010/105234.898:ERROR:process_memory_win.cc(73)] ReadMemory at 0x7ffc7fac0000 of 64 bytes failed: ReadProcessMemory 또는 WriteProcessMemory의 일부 작업만을 마쳤습니다. (0x12B)
[1010/105234.898:WARNING:pe_image_reader.cc(340)] could not read dos header from C:\WINDOWS\System32\kernel.appcore.dll
[1010/105234.898:ERROR:process_memory_win.cc(73)] ReadMemory at 0x7ffc80380000 of 64 bytes failed: ReadProcessMemory 또는 WriteProcessMemory의 일부 작업만을 마쳤습니다. (0x12B)
[1010/105234.898:WARNING:pe_image_reader.cc(340)] could not read dos header from C:\WINDOWS\System32\bcrypt.dll
[1010/105234.898:ERROR:process_memory_win.cc(73)] ReadMemory at 0x7ffc722e0000 of 64 bytes failed: ReadProcessMemory 또는 WriteProcessMemory의 일부 작업만을 마쳤습니다. (0x12B)
[1010/105234.898:WARNING:pe_image_reader.cc(340)] could not read dos header from C:\WINDOWS\SYSTEM32\WINHTTP.dll
[1010/105234.898:ERROR:process_memory_win.cc(73)] ReadMemory at 0x7ffc747c0000 of 64 bytes failed: ReadProcessMemory 또는 WriteProcessMemory의 일부 작업만을 마쳤습니다. (0x12B)
[1010/105234.898:WARNING:pe_image_reader.cc(340)] could not read dos header from C:\WINDOWS\SYSTEM32\dhcpcsvc.DLL
[1010/105234.898:ERROR:process_memory_win.cc(73)] ReadMemory at 0x7ffc82650000 of 64 bytes failed: ReadProcessMemory 또는 WriteProcessMemory의 일부 작업만을 마쳤습니다. (0x12B)
[1010/105234.898:WARNING:pe_image_reader.cc(340)] could not read dos header from C:\WINDOWS\System32\NSI.dll
[1010/105234.898:ERROR:process_memory_win.cc(73)] ReadMemory at 0x7ffc7c300000 of 64 bytes failed: ReadProcessMemory 또는 WriteProcessMemory의 일부 작업만을 마쳤습니다. (0x12B)
[1010/105234.898:WARNING:pe_image_reader.cc(340)] could not read dos header from C:\WINDOWS\SYSTEM32\WINMMBASE.dll
[1010/105234.898:ERROR:process_memory_win.cc(73)] ReadMemory at 0x7ffc80730000 of 64 bytes failed: ReadProcessMemory 또는 WriteProcessMemory의 일부 작업만을 마쳤습니다. (0x12B)
[1010/105234.898:WARNING:pe_image_reader.cc(340)] could not read dos header from C:\WINDOWS\System32\cfgmgr32.dll
[1010/105234.898:ERROR:process_memory_win.cc(73)] ReadMemory at 0x7ffc7c050000 of 64 bytes failed: ReadProcessMemory 또는 WriteProcessMemory의 일부 작업만을 마쳤습니다. (0x12B)
[1010/105234.898:WARNING:pe_image_reader.cc(340)] could not read dos header from C:\WINDOWS\SYSTEM32\PROPSYS.dll
[1010/105234.898:ERROR:process_memory_win.cc(73)] ReadMemory at 0x7ffc80cd0000 of 64 bytes failed: ReadProcessMemory 또는 WriteProcessMemory의 일부 작업만을 마쳤습니다. (0x12B)
[1010/105234.898:WARNING:pe_image_reader.cc(340)] could not read dos header from C:\WINDOWS\System32\shcore.dll
[1010/105234.898:ERROR:process_memory_win.cc(73)] ReadMemory at 0x7ffc7f990000 of 64 bytes failed: ReadProcessMemory 또는 WriteProcessMemory의 일부 작업만을 마쳤습니다. (0x12B)
[1010/105234.898:WARNING:pe_image_reader.cc(340)] could not read dos header from C:\WINDOWS\SYSTEM32\SSPICLI.DLL
[1010/105234.898:ERROR:process_memory_win.cc(73)] ReadMemory at 0x7ffc7f4a0000 of 64 bytes failed: ReadProcessMemory 또는 WriteProcessMemory의 일부 작업만을 마쳤습니다. (0x12B)
[1010/105234.898:WARNING:pe_image_reader.cc(340)] could not read dos header from C:\WINDOWS\SYSTEM32\CRYPTBASE.DLL
[1010/105234.898:ERROR:process_memory_win.cc(73)] ReadMemory at 0x7ff728b10000 of 64 bytes failed: ReadProcessMemory 또는 WriteProcessMemory의 일부 작업만을 마쳤습니다. (0x12B)
[1010/105234.898:WARNING:pe_image_reader.cc(340)] could not read dos header from C:\Program Files\Google\Chrome\Application\chrome.exe
[1010/105234.898:ERROR:process_memory_win.cc(73)] ReadMemory at 0x7ffc82bc0000 of 64 bytes failed: ReadProcessMemory 또는 WriteProcessMemory의 일부 작업만을 마쳤습니다. (0x12B)
[1010/105234.899:WARNING:pe_image_reader.cc(340)] could not read dos header from C:\WINDOWS\SYSTEM32\ntdll.dll
[1010/105234.899:ERROR:process_memory_win.cc(73)] ReadMemory at 0x7ffc82480000 of 64 bytes failed: ReadProcessMemory 또는 WriteProcessMemory의 일부 작업만을 마쳤습니다. (0x12B)
[1010/105234.899:WARNING:pe_image_reader.cc(340)] could not read dos header from C:\WINDOWS\System32\KERNEL32.DLL
[1010/105234.899:ERROR:process_memory_win.cc(73)] ReadMemory at 0x7ffc80780000 of 64 bytes failed: ReadProcessMemory 또는 WriteProcessMemory의 일부 작업만을 마쳤습니다. (0x12B)
[1010/105234.899:WARNING:pe_image_reader.cc(340)] could not read dos header from C:\WINDOWS\System32\KERNELBASE.dll
[1010/105234.899:ERROR:process_memory_win.cc(73)] ReadMemory at 0x7ffc64740000 of 64 bytes failed: ReadProcessMemory 또는 WriteProcessMemory의 일부 작업만을 마쳤습니다. (0x12B)
[1010/105234.899:WARNING:pe_image_reader.cc(340)] could not read dos header from C:\Program Files\Google\Chrome\Application\86.0.4240.75\chrome_elf.dll
[1010/105234.899:ERROR:process_memory_win.cc(73)] ReadMemory at 0x7ffc72a30000 of 64 bytes failed: ReadProcessMemory 또는 WriteProcessMemory의 일부 작업만을 마쳤습니다. (0x12B)
[1010/105234.899:WARNING:pe_image_reader.cc(340)] could not read dos header from C:\WINDOWS\SYSTEM32\VERSION.dll
[1010/105234.899:ERROR:process_memory_win.cc(73)] ReadMemory at 0x127585a0000 of 64 bytes failed: ReadProcessMemory 또는 WriteProcessMemory의 일부 작업만을 마쳤습니다. (0x12B)
[1010/105234.899:WARNING:pe_image_reader.cc(340)] could not read dos header from C:\WINDOWS\System32\msvcrt.dll
[1010/105234.899:ERROR:process_memory_win.cc(73)] ReadMemory at 0x7ffc7fb50000 of 64 bytes failed: ReadProcessMemory 또는 WriteProcessMemory의 일부 작업만을 마쳤습니다. (0x12B)
[1010/105234.899:WARNING:pe_image_reader.cc(340)] could not read dos header from C:\WINDOWS\System32\bcryptPrimitives.dll
[1010/105234.899:ERROR:process_memory_win.cc(73)] ReadMemory at 0x7ffc82ad0000 of 64 bytes failed: ReadProcessMemory 또는 WriteProcessMemory의 일부 작업만을 마쳤습니다. (0x12B)
[1010/105234.899:WARNING:pe_image_reader.cc(340)] could not read dos header from C:\WINDOWS\System32\ADVAPI32.dll
[1010/105234.899:ERROR:process_memory_win.cc(73)] ReadMemory at 0x7ffc80d80000 of 64 bytes failed: ReadProcessMemory 또는 WriteProcessMemory의 일부 작업만을 마쳤습니다. (0x12B)
[1010/105234.899:WARNING:pe_image_reader.cc(340)] could not read dos header from C:\WINDOWS\System32\sechost.dll
[1010/105234.899:ERROR:process_memory_win.cc(73)] ReadMemory at 0x7ffc82270000 of 64 bytes failed: ReadProcessMemory 또는 WriteProcessMemory의 일부 작업만을 마쳤습니다. (0x12B)
[1010/105234.899:WARNING:pe_image_reader.cc(340)] could not read dos header from C:\WINDOWS\System32\RPCRT4.dll
[1010/105234.899:ERROR:process_memory_win.cc(73)] ReadMemory at 0x7ffc3b330000 of 64 bytes failed: ReadProcessMemory 또는 WriteProcessMemory의 일부 작업만을 마쳤습니다. (0x12B)
[1010/105234.899:WARNING:pe_image_reader.cc(340)] could not read dos header from C:\Program Files\Google\Chrome\Application\86.0.4240.75\chrome.dll
[1010/105234.899:ERROR:process_memory_win.cc(73)] ReadMemory at 0x7ffc825e0000 of 64 bytes failed: ReadProcessMemory 또는 WriteProcessMemory의 일부 작업만을 마쳤습니다. (0x12B)
[1010/105234.899:WARNING:pe_image_reader.cc(340)] could not read dos header from C:\WINDOWS\System32\WS2_32.dll
[1010/105234.899:ERROR:process_memory_win.cc(73)] ReadMemory at 0x7ffc815c0000 of 64 bytes failed: ReadProcessMemory 또는 WriteProcessMemory의 일부 작업만을 마쳤습니다. (0x12B)
[1010/105234.899:WARNING:pe_image_reader.cc(340)] could not read dos header from C:\WINDOWS\System32\OLEAUT32.dll
[1010/105234.899:ERROR:process_memory_win.cc(73)] ReadMemory at 0x7ffc80a30000 of 64 bytes failed: ReadProcessMemory 또는 WriteProcessMemory의 일부 작업만을 마쳤습니다. (0x12B)
[1010/105234.899:WARNING:pe_image_reader.cc(340)] could not read dos header from C:\WINDOWS\System32\msvcp_win.dll
[1010/105234.899:ERROR:process_memory_win.cc(73)] ReadMemory at 0x7ffc803b0000 of 64 bytes failed: ReadProcessMemory 또는 WriteProcessMemory의 일부 작업만을 마쳤습니다. (0x12B)
[1010/105234.899:WARNING:pe_image_reader.cc(340)] could not read dos header from C:\WINDOWS\System32\ucrtbase.dll
[1010/105234.899:ERROR:process_memory_win.cc(73)] ReadMemory at 0x7ffc81f30000 of 64 bytes failed: ReadProcessMemory 또는 WriteProcessMemory의 일부 작업만을 마쳤습니다. (0x12B)
[1010/105234.899:WARNING:pe_image_reader.cc(340)] could not read dos header from C:\WINDOWS\System32\combase.dll
[1010/105234.900:ERROR:process_memory_win.cc(73)] ReadMemory at 0x7ffc80620000 of 64 bytes failed: ReadProcessMemory 또는 WriteProcessMemory의 일부 작업만을 마쳤습니다. (0x12B)
[1010/105234.900:WARNING:pe_image_reader.cc(340)] could not read dos header from C:\WINDOWS\System32\WINTRUST.dll
[1010/105234.900:ERROR:process_memory_win.cc(73)] ReadMemory at 0x7ffc7fb30000 of 64 bytes failed: ReadProcessMemory 또는 WriteProcessMemory의 일부 작업만을 마쳤습니다. (0x12B)
[1010/105234.900:WARNING:pe_image_reader.cc(340)] could not read dos header from C:\WINDOWS\System32\MSASN1.dll
[1010/105234.900:ERROR:process_memory_win.cc(73)] ReadMemory at 0x7ffc804d0000 of 64 bytes failed: ReadProcessMemory 또는 WriteProcessMemory의 일부 작업만을 마쳤습니다. (0x12B)
[1010/105234.900:WARNING:pe_image_reader.cc(340)] could not read dos header from C:\WINDOWS\System32\CRYPT32.dll
[1010/105234.900:ERROR:process_memory_win.cc(73)] ReadMemory at 0x7ffc7e340000 of 64 bytes failed: ReadProcessMemory 또는 WriteProcessMemory의 일부 작업만을 마쳤습니다. (0x12B)
[1010/105234.900:WARNING:pe_image_reader.cc(340)] could not read dos header from C:\WINDOWS\SYSTEM32\dbghelp.dll
[1010/105234.900:ERROR:process_memory_win.cc(73)] ReadMemory at 0x7ffc7efe0000 of 64 bytes failed: ReadProcessMemory 또는 WriteProcessMemory의 일부 작업만을 마쳤습니다. (0x12B)
[1010/105234.900:WARNING:pe_image_reader.cc(340)] could not read dos header from C:\WINDOWS\SYSTEM32\IPHLPAPI.DLL
[1010/105234.900:ERROR:process_memory_win.cc(73)] ReadMemory at 0x7ffc7c330000 of 64 bytes failed: ReadProcessMemory 또는 WriteProcessMemory의 일부 작업만을 마쳤습니다. (0x12B)
[1010/105234.900:WARNING:pe_image_reader.cc(340)] could not read dos header from C:\WINDOWS\SYSTEM32\WINMM.dll
[1010/105234.900:ERROR:process_memory_win.cc(73)] ReadMemory at 0x7ffc56e90000 of 64 bytes failed: ReadProcessMemory 또는 WriteProcessMemory의 일부 작업만을 마쳤습니다. (0x12B)
[1010/105234.900:WARNING:pe_image_reader.cc(340)] could not read dos header from C:\WINDOWS\SYSTEM32\UIAutomationCore.DLL
[1010/105234.900:ERROR:process_memory_win.cc(73)] ReadMemory at 0x7ffc6f190000 of 64 bytes failed: ReadProcessMemory 또는 WriteProcessMemory의 일부 작업만을 마쳤습니다. (0x12B)
[1010/105234.900:WARNING:pe_image_reader.cc(340)] could not read dos header from C:\WINDOWS\SYSTEM32\Secur32.dll
[1010/105234.900:ERROR:process_memory_win.cc(73)] ReadMemory at 0x7ffc7f960000 of 64 bytes failed: ReadProcessMemory 또는 WriteProcessMemory의 일부 작업만을 마쳤습니다. (0x12B)
[1010/105234.900:WARNING:pe_image_reader.cc(340)] could not read dos header from C:\WINDOWS\SYSTEM32\USERENV.dll
[1010/105234.900:ERROR:process_memory_win.cc(73)] ReadMemory at 0x7ffc7fa90000 of 64 bytes failed: ReadProcessMemory 또는 WriteProcessMemory의 일부 작업만을 마쳤습니다. (0x12B)
[1010/105234.900:WARNING:pe_image_reader.cc(340)] could not read dos header from C:\WINDOWS\System32\profapi.dll
[1010/105234.900:ERROR:process_memory_win.cc(73)] ReadMemory at 0x7ffc68600000 of 64 bytes failed: ReadProcessMemory 또는 WriteProcessMemory의 일부 작업만을 마쳤습니다. (0x12B)
[1010/105234.900:WARNING:pe_image_reader.cc(340)] could not read dos header from C:\WINDOWS\SYSTEM32\DWrite.dll
[1010/105234.900:ERROR:process_memory_win.cc(73)] ReadMemory at 0x7ffc70420000 of 64 bytes failed: ReadProcessMemory 또는 WriteProcessMemory의 일부 작업만을 마쳤습니다. (0x12B)
[1010/105234.900:WARNING:pe_image_reader.cc(340)] could not read dos header from C:\WINDOWS\SYSTEM32\WINSPOOL.DRV
[1010/105234.900:ERROR:process_memory_win.cc(73)] ReadMemory at 0x7ffc7fac0000 of 64 bytes failed: ReadProcessMemory 또는 WriteProcessMemory의 일부 작업만을 마쳤습니다. (0x12B)
[1010/105234.900:WARNING:pe_image_reader.cc(340)] could not read dos header from C:\WINDOWS\System32\kernel.appcore.dll
[1010/105234.900:ERROR:process_memory_win.cc(73)] ReadMemory at 0x7ffc80380000 of 64 bytes failed: ReadProcessMemory 또는 WriteProcessMemory의 일부 작업만을 마쳤습니다. (0x12B)
[1010/105234.900:WARNING:pe_image_reader.cc(340)] could not read dos header from C:\WINDOWS\System32\bcrypt.dll
[1010/105234.900:ERROR:process_memory_win.cc(73)] ReadMemory at 0x7ffc722e0000 of 64 bytes failed: ReadProcessMemory 또는 WriteProcessMemory의 일부 작업만을 마쳤습니다. (0x12B)
[1010/105234.901:WARNING:pe_image_reader.cc(340)] could not read dos header from C:\WINDOWS\SYSTEM32\WINHTTP.dll
[1010/105234.901:ERROR:process_memory_win.cc(73)] ReadMemory at 0x7ffc747c0000 of 64 bytes failed: ReadProcessMemory 또는 WriteProcessMemory의 일부 작업만을 마쳤습니다. (0x12B)
[1010/105234.901:WARNING:pe_image_reader.cc(340)] could not read dos header from C:\WINDOWS\SYSTEM32\dhcpcsvc.DLL
[1010/105234.901:ERROR:process_memory_win.cc(73)] ReadMemory at 0x7ffc82650000 of 64 bytes failed: ReadProcessMemory 또는 WriteProcessMemory의 일부 작업만을 마쳤습니다. (0x12B)
[1010/105234.901:WARNING:pe_image_reader.cc(340)] could not read dos header from C:\WINDOWS\System32\NSI.dll
[1010/105234.901:ERROR:process_memory_win.cc(73)] ReadMemory at 0x7ffc7c300000 of 64 bytes failed: ReadProcessMemory 또는 WriteProcessMemory의 일부 작업만을 마쳤습니다. (0x12B)
[1010/105234.901:WARNING:pe_image_reader.cc(340)] could not read dos header from C:\WINDOWS\SYSTEM32\WINMMBASE.dll
[1010/105234.901:ERROR:process_memory_win.cc(73)] ReadMemory at 0x7ffc80730000 of 64 bytes failed: ReadProcessMemory 또는 WriteProcessMemory의 일부 작업만을 마쳤습니다. (0x12B)
[1010/105234.901:WARNING:pe_image_reader.cc(340)] could not read dos header from C:\WINDOWS\System32\cfgmgr32.dll
[1010/105234.901:ERROR:process_memory_win.cc(73)] ReadMemory at 0x7ffc7c050000 of 64 bytes failed: ReadProcessMemory 또는 WriteProcessMemory의 일부 작업만을 마쳤습니다. (0x12B)
[1010/105234.901:WARNING:pe_image_reader.cc(340)] could not read dos header from C:\WINDOWS\SYSTEM32\PROPSYS.dll
[1010/105234.901:ERROR:process_memory_win.cc(73)] ReadMemory at 0x7ffc80cd0000 of 64 bytes failed: ReadProcessMemory 또는 WriteProcessMemory의 일부 작업만을 마쳤습니다. (0x12B)
[1010/105234.901:WARNING:pe_image_reader.cc(340)] could not read dos header from C:\WINDOWS\System32\shcore.dll
[1010/105234.901:ERROR:process_memory_win.cc(73)] ReadMemory at 0x7ffc7f990000 of 64 bytes failed: ReadProcessMemory 또는 WriteProcessMemory의 일부 작업만을 마쳤습니다. (0x12B)
[1010/105234.901:WARNING:pe_image_reader.cc(340)] could not read dos header from C:\WINDOWS\SYSTEM32\SSPICLI.DLL
[1010/105234.901:ERROR:process_memory_win.cc(73)] ReadMemory at 0x7ffc7f4a0000 of 64 bytes failed: ReadProcessMemory 또는 WriteProcessMemory의 일부 작업만을 마쳤습니다. (0x12B)
[1010/105234.901:WARNING:pe_image_reader.cc(340)] could not read dos header from C:\WINDOWS\SYSTEM32\CRYPTBASE.DLL
[1010/105235.136:ERROR:process_memory_win.cc(73)] ReadMemory at 0x22e69f3000 of 53248 bytes failed: ReadProcessMemory 또는 WriteProcessMemory의 일부 작업만을 마쳤습니다. (0x12B)
[1010/105235.136:ERROR:process_memory_win.cc(73)] ReadMemory at 0x22e71fe000 of 8192 bytes failed: ReadProcessMemory 또는 WriteProcessMemory의 일부 작업만을 마쳤습니다. (0x12B)
[1010/105235.136:ERROR:process_memory_win.cc(73)] ReadMemory at 0x22e79f6000 of 40960 bytes failed: ReadProcessMemory 또는 WriteProcessMemory의 일부 작업만을 마쳤습니다. (0x12B)
[1010/105235.136:ERROR:process_memory_win.cc(73)] ReadMemory at 0x22e81fe000 of 8192 bytes failed: ReadProcessMemory 또는 WriteProcessMemory의 일부 작업만을 마쳤습니다. (0x12B)
[1010/105235.136:ERROR:process_memory_win.cc(73)] ReadMemory at 0x22e89fa000 of 24576 bytes failed: ReadProcessMemory 또는 WriteProcessMemory의 일부 작업만을 마쳤습니다. (0x12B)
[1010/105235.137:ERROR:process_memory_win.cc(73)] ReadMemory at 0x22e91fc000 of 16384 bytes failed: ReadProcessMemory 또는 WriteProcessMemory의 일부 작업만을 마쳤습니다. (0x12B)
[1010/105235.137:ERROR:process_memory_win.cc(73)] ReadMemory at 0x22e99fe000 of 8192 bytes failed: ReadProcessMemory 또는 WriteProcessMemory의 일부 작업만을 마쳤습니다. (0x12B)
[1010/105235.137:ERROR:process_memory_win.cc(73)] ReadMemory at 0x22ea1fe000 of 8192 bytes failed: ReadProcessMemory 또는 WriteProcessMemory의 일부 작업만을 마쳤습니다. (0x12B)
[1010/105235.137:ERROR:process_memory_win.cc(73)] ReadMemory at 0x22ea9fc000 of 16384 bytes failed: ReadProcessMemory 또는 WriteProcessMemory의 일부 작업만을 마쳤습니다. (0x12B)
[1010/105235.137:ERROR:process_memory_win.cc(73)] ReadMemory at 0x22eb9fe000 of 8192 bytes failed: ReadProcessMemory 또는 WriteProcessMemory의 일부 작업만을 마쳤습니다. (0x12B)
[1010/105235.137:ERROR:process_memory_win.cc(73)] ReadMemory at 0x22ec1fd000 of 12288 bytes failed: ReadProcessMemory 또는 WriteProcessMemory의 일부 작업만을 마쳤습니다. (0x12B)
[1010/105235.137:ERROR:process_memory_win.cc(73)] ReadMemory at 0x22ec9fe000 of 8192 bytes failed: ReadProcessMemory 또는 WriteProcessMemory의 일부 작업만을 마쳤습니다. (0x12B)
[1010/105235.137:ERROR:process_memory_win.cc(73)] ReadMemory at 0x22ed1fe000 of 8192 bytes failed: ReadProcessMemory 또는 WriteProcessMemory의 일부 작업만을 마쳤습니다. (0x12B)
[1010/105235.137:ERROR:process_memory_win.cc(73)] ReadMemory at 0x22ed9fc000 of 16384 bytes failed: ReadProcessMemory 또는 WriteProcessMemory의 일부 작업만을 마쳤습니다. (0x12B)
[1010/105235.137:ERROR:process_memory_win.cc(73)] ReadMemory at 0x22eb1fe000 of 8192 bytes failed: ReadProcessMemory 또는 WriteProcessMemory의 일부 작업만을 마쳤습니다. (0x12B)
[1010/105235.137:ERROR:process_memory_win.cc(73)] ReadMemory at 0x22e615e000 of 852 bytes failed: ReadProcessMemory 또는 WriteProcessMemory의 일부 작업만을 마쳤습니다. (0x12B)
[1010/105235.148:ERROR:process_memory_win.cc(73)] ReadMemory at 0x22e615f000 of 6024 bytes failed: ReadProcessMemory 또는 WriteProcessMemory의 일부 작업만을 마쳤습니다. (0x12B)
[1010/105235.148:ERROR:process_memory_win.cc(73)] ReadMemory at 0x22e6161000 of 6024 bytes failed: ReadProcessMemory 또는 WriteProcessMemory의 일부 작업만을 마쳤습니다. (0x12B)
[1010/105235.149:ERROR:process_memory_win.cc(73)] ReadMemory at 0x22e6163000 of 6024 bytes failed: ReadProcessMemory 또는 WriteProcessMemory의 일부 작업만을 마쳤습니다. (0x12B)
[1010/105235.149:ERROR:process_memory_win.cc(73)] ReadMemory at 0x22e6165000 of 6024 bytes failed: ReadProcessMemory 또는 WriteProcessMemory의 일부 작업만을 마쳤습니다. (0x12B)
[1010/105235.149:ERROR:process_memory_win.cc(73)] ReadMemory at 0x22e6167000 of 6024 bytes failed: ReadProcessMemory 또는 WriteProcessMemory의 일부 작업만을 마쳤습니다. (0x12B)
[1010/105235.149:ERROR:process_memory_win.cc(73)] ReadMemory at 0x22e6169000 of 6024 bytes failed: ReadProcessMemory 또는 WriteProcessMemory의 일부 작업만을 마쳤습니다. (0x12B)
[1010/105235.149:ERROR:process_memory_win.cc(73)] ReadMemory at 0x22e616b000 of 6024 bytes failed: ReadProcessMemory 또는 WriteProcessMemory의 일부 작업만을 마쳤습니다. (0x12B)
[1010/105235.149:ERROR:process_memory_win.cc(73)] ReadMemory at 0x22e616d000 of 6024 bytes failed: ReadProcessMemory 또는 WriteProcessMemory의 일부 작업만을 마쳤습니다. (0x12B)
[1010/105235.149:ERROR:process_memory_win.cc(73)] ReadMemory at 0x22e616f000 of 6024 bytes failed: ReadProcessMemory 또는 WriteProcessMemory의 일부 작업만을 마쳤습니다. (0x12B)
[1010/105235.149:ERROR:process_memory_win.cc(73)] ReadMemory at 0x22e6173000 of 6024 bytes failed: ReadProcessMemory 또는 WriteProcessMemory의 일부 작업만을 마쳤습니다. (0x12B)
[1010/105235.149:ERROR:process_memory_win.cc(73)] ReadMemory at 0x22e6175000 of 6024 bytes failed: ReadProcessMemory 또는 WriteProcessMemory의 일부 작업만을 마쳤습니다. (0x12B)
[1010/105235.149:ERROR:process_memory_win.cc(73)] ReadMemory at 0x22e6177000 of 6024 bytes failed: ReadProcessMemory 또는 WriteProcessMemory의 일부 작업만을 마쳤습니다. (0x12B)
[1010/105235.149:ERROR:process_memory_win.cc(73)] ReadMemory at 0x22e6179000 of 6024 bytes failed: ReadProcessMemory 또는 WriteProcessMemory의 일부 작업만을 마쳤습니다. (0x12B)
[1010/105235.149:ERROR:process_memory_win.cc(73)] ReadMemory at 0x22e617b000 of 6024 bytes failed: ReadProcessMemory 또는 WriteProcessMemory의 일부 작업만을 마쳤습니다. (0x12B)
[1010/105235.150:ERROR:process_memory_win.cc(73)] ReadMemory at 0x22e617d000 of 6024 bytes failed: ReadProcessMemory 또는 WriteProcessMemory의 일부 작업만을 마쳤습니다. (0x12B)
[1010/105235.183:ERROR:process_memory_win.cc(73)] ReadMemory at 0x127582f2200 of 512 bytes failed: ReadProcessMemory 또는 WriteProcessMemory의 일부 작업만을 마쳤습니다. (0x12B)
[1010/105235.213:ERROR:process_memory_win.cc(73)] ReadMemory at 0x12758340fe0 of 11962 bytes failed: ReadProcessMemory 또는 WriteProcessMemory의 일부 작업만을 마쳤습니다. (0x12B)
[1010/105235.213:ERROR:process_memory_win.cc(73)] ReadMemory at 0x12758343eb0 of 1012 bytes failed: ReadProcessMemory 또는 WriteProcessMemory의 일부 작업만을 마쳤습니다. (0x12B)
[1010/105235.214:ERROR:process_memory_win.cc(73)] ReadMemory at 0x127583444f8 of 106 bytes failed: ReadProcessMemory 또는 WriteProcessMemory의 일부 작업만을 마쳤습니다. (0x12B)
[1010/105235.244:ERROR:process_memory_win.cc(73)] ReadMemory at 0x12758344564 of 700 bytes failed: ReadProcessMemory 또는 WriteProcessMemory의 일부 작업만을 마쳤습니다. (0x12B)
[1010/105235.244:ERROR:process_memory_win.cc(73)] ReadMemory at 0x12758344822 of 106 bytes failed: ReadProcessMemory 또는 WriteProcessMemory의 일부 작업만을 마쳤습니다. (0x12B)
[1010/105235.245:ERROR:process_memory_win.cc(73)] ReadMemory at 0x1275834488e of 96 bytes failed: ReadProcessMemory 또는 WriteProcessMemory의 일부 작업만을 마쳤습니다. (0x12B)
[1010/105235.245:ERROR:process_memory_win.cc(73)] ReadMemory at 0x12758344900 of 58 bytes failed: ReadProcessMemory 또는 WriteProcessMemory의 일부 작업만을 마쳤습니다. (0x12B)
[1010/105235.246:ERROR:process_memory_win.cc(73)] ReadMemory at 0x12758344a00 of 132 bytes failed: ReadProcessMemory 또는 WriteProcessMemory의 일부 작업만을 마쳤습니다. (0x12B)
[1010/105235.247:ERROR:process_memory_win.cc(73)] ReadMemory at 0x12758344b90 of 132 bytes failed: ReadProcessMemory 또는 WriteProcessMemory의 일부 작업만을 마쳤습니다. (0x12B)
[1010/105235.247:ERROR:process_memory_win.cc(73)] ReadMemory at 0x12758344d50 of 112 bytes failed: ReadProcessMemory 또는 WriteProcessMemory의 일부 작업만을 마쳤습니다. (0x12B)
[1010/105235.248:ERROR:process_memory_win.cc(73)] ReadMemory at 0x12758345250 of 132 bytes failed: ReadProcessMemory 또는 WriteProcessMemory의 일부 작업만을 마쳤습니다. (0x12B)
[1010/105235.272:ERROR:process_memory_win.cc(73)] ReadMemory at 0x127583453e0 of 64 bytes failed: ReadProcessMemory 또는 WriteProcessMemory의 일부 작업만을 마쳤습니다. (0x12B)
[1010/105235.287:ERROR:process_memory_win.cc(73)] ReadMemory at 0x12758345590 of 132 bytes failed: ReadProcessMemory 또는 WriteProcessMemory의 일부 작업만을 마쳤습니다. (0x12B)
[1010/105235.287:ERROR:process_memory_win.cc(73)] ReadMemory at 0x12758345840 of 132 bytes failed: ReadProcessMemory 또는 WriteProcessMemory의 일부 작업만을 마쳤습니다. (0x12B)
[1010/105235.288:ERROR:process_memory_win.cc(73)] ReadMemory at 0x127583459d0 of 68 bytes failed: ReadProcessMemory 또는 WriteProcessMemory의 일부 작업만을 마쳤습니다. (0x12B)
[1010/105235.288:ERROR:process_memory_win.cc(73)] ReadMemory at 0x12758346a20 of 132 bytes failed: ReadProcessMemory 또는 WriteProcessMemory의 일부 작업만을 마쳤습니다. (0x12B)
[1010/105235.312:ERROR:process_memory_win.cc(73)] ReadMemory at 0x12758346b50 of 140 bytes failed: ReadProcessMemory 또는 WriteProcessMemory의 일부 작업만을 마쳤습니다. (0x12B)
[1010/105235.352:ERROR:process_memory_win.cc(73)] ReadMemory at 0x12758347230 of 62 bytes failed: ReadProcessMemory 또는 WriteProcessMemory의 일부 작업만을 마쳤습니다. (0x12B)
[1010/105235.352:ERROR:process_memory_win.cc(73)] ReadMemory at 0x127583479c0 of 132 bytes failed: ReadProcessMemory 또는 WriteProcessMemory의 일부 작업만을 마쳤습니다. (0x12B)
[1010/105235.415:ERROR:process_memory_win.cc(73)] ReadMemory at 0x12758347b50 of 60 bytes failed: ReadProcessMemory 또는 WriteProcessMemory의 일부 작업만을 마쳤습니다. (0x12B)
[1010/105235.416:ERROR:process_memory_win.cc(73)] ReadMemory at 0x12758354820 of 54 bytes failed: ReadProcessMemory 또는 WriteProcessMemory의 일부 작업만을 마쳤습니다. (0x12B)
[1010/105235.416:ERROR:process_memory_win.cc(73)] ReadMemory at 0x12758356c70 of 80 bytes failed: ReadProcessMemory 또는 WriteProcessMemory의 일부 작업만을 마쳤습니다. (0x12B)
[1010/105235.417:ERROR:process_memory_win.cc(73)] ReadMemory at 0x12758357360 of 132 bytes failed: ReadProcessMemory 또는 WriteProcessMemory의 일부 작업만을 마쳤습니다. (0x12B)
[1010/105235.418:ERROR:process_memory_win.cc(73)] ReadMemory at 0x12758357490 of 132 bytes failed: ReadProcessMemory 또는 WriteProcessMemory의 일부 작업만을 마쳤습니다. (0x12B)
[1010/105235.418:ERROR:process_memory_win.cc(73)] ReadMemory at 0x127583578b0 of 132 bytes failed: ReadProcessMemory 또는 WriteProcessMemory의 일부 작업만을 마쳤습니다. (0x12B)
[1010/105235.488:ERROR:process_memory_win.cc(73)] ReadMemory at 0x12758357ad0 of 132 bytes failed: ReadProcessMemory 또는 WriteProcessMemory의 일부 작업만을 마쳤습니다. (0x12B)
[1010/105235.488:ERROR:process_memory_win.cc(73)] ReadMemory at 0x12758357eb0 of 132 bytes failed: ReadProcessMemory 또는 WriteProcessMemory의 일부 작업만을 마쳤습니다. (0x12B)
[1010/105235.488:ERROR:process_memory_win.cc(73)] ReadMemory at 0x127583587f0 of 80 bytes failed: ReadProcessMemory 또는 WriteProcessMemory의 일부 작업만을 마쳤습니다. (0x12B)
[1010/105235.621:ERROR:process_memory_win.cc(73)] ReadMemory at 0x12758359030 of 76 bytes failed: ReadProcessMemory 또는 WriteProcessMemory의 일부 작업만을 마쳤습니다. (0x12B)
[1010/105235.664:ERROR:process_memory_win.cc(73)] ReadMemory at 0x1275835b6e0 of 60 bytes failed: ReadProcessMemory 또는 WriteProcessMemory의 일부 작업만을 마쳤습니다. (0x12B)
[1010/105235.664:ERROR:process_memory_win.cc(73)] ReadMemory at 0x1275835b7d0 of 60 bytes failed: ReadProcessMemory 또는 WriteProcessMemory의 일부 작업만을 마쳤습니다. (0x12B)
[1010/105235.757:ERROR:process_memory_win.cc(73)] ReadMemory at 0x1275835b820 of 62 bytes failed: ReadProcessMemory 또는 WriteProcessMemory의 일부 작업만을 마쳤습니다. (0x12B)
[1010/105235.758:ERROR:process_memory_win.cc(73)] ReadMemory at 0x1275835b870 of 64 bytes failed: ReadProcessMemory 또는 WriteProcessMemory의 일부 작업만을 마쳤습니다. (0x12B)
[1010/105235.758:ERROR:process_memory_win.cc(73)] ReadMemory at 0x1275835b8c0 of 58 bytes failed: ReadProcessMemory 또는 WriteProcessMemory의 일부 작업만을 마쳤습니다. (0x12B)
[1010/105235.758:ERROR:process_memory_win.cc(73)] ReadMemory at 0x1275835b960 of 62 bytes failed: ReadProcessMemory 또는 WriteProcessMemory의 일부 작업만을 마쳤습니다. (0x12B)
[1010/105235.759:ERROR:process_memory_win.cc(73)] ReadMemory at 0x1275835ba50 of 66 bytes failed: ReadProcessMemory 또는 WriteProcessMemory의 일부 작업만을 마쳤습니다. (0x12B)
[1010/105235.759:ERROR:process_memory_win.cc(73)] ReadMemory at 0x1275835bbe0 of 62 bytes failed: ReadProcessMemory 또는 WriteProcessMemory의 일부 작업만을 마쳤습니다. (0x12B)
[1010/105235.819:ERROR:process_memory_win.cc(73)] ReadMemory at 0x1275835bd20 of 62 bytes failed: ReadProcessMemory 또는 WriteProcessMemory의 일부 작업만을 마쳤습니다. (0x12B)
[1010/105235.820:ERROR:process_memory_win.cc(73)] ReadMemory at 0x1275835bdc0 of 64 bytes failed: ReadProcessMemory 또는 WriteProcessMemory의 일부 작업만을 마쳤습니다. (0x12B)
[1010/105235.820:ERROR:process_memory_win.cc(73)] ReadMemory at 0x1275835be10 of 64 bytes failed: ReadProcessMemory 또는 WriteProcessMemory의 일부 작업만을 마쳤습니다. (0x12B)
[1010/105235.820:ERROR:process_memory_win.cc(73)] ReadMemory at 0x1275835beb0 of 60 bytes failed: ReadProcessMemory 또는 WriteProcessMemory의 일부 작업만을 마쳤습니다. (0x12B)
[1010/105235.821:ERROR:process_memory_win.cc(73)] ReadMemory at 0x1275835bf50 of 64 bytes failed: ReadProcessMemory 또는 WriteProcessMemory의 일부 작업만을 마쳤습니다. (0x12B)
[1010/105235.821:ERROR:process_memory_win.cc(73)] ReadMemory at 0x1275835bfa0 of 62 bytes failed: ReadProcessMemory 또는 WriteProcessMemory의 일부 작업만을 마쳤습니다. (0x12B)
[1010/105235.821:ERROR:process_memory_win.cc(73)] ReadMemory at 0x1275835bff0 of 62 bytes failed: ReadProcessMemory 또는 WriteProcessMemory의 일부 작업만을 마쳤습니다. (0x12B)
[1010/105235.822:ERROR:process_memory_win.cc(73)] ReadMemory at 0x1275835c040 of 64 bytes failed: ReadProcessMemory 또는 WriteProcessMemory의 일부 작업만을 마쳤습니다. (0x12B)
[1010/105235.822:ERROR:process_memory_win.cc(73)] ReadMemory at 0x1275835c180 of 64 bytes failed: ReadProcessMemory 또는 WriteProcessMemory의 일부 작업만을 마쳤습니다. (0x12B)
[1010/105235.822:ERROR:process_memory_win.cc(73)] ReadMemory at 0x1275835c1d0 of 64 bytes failed: ReadProcessMemory 또는 WriteProcessMemory의 일부 작업만을 마쳤습니다. (0x12B)
[1010/105235.823:ERROR:process_memory_win.cc(73)] ReadMemory at 0x1275835c220 of 60 bytes failed: ReadProcessMemory 또는 WriteProcessMemory의 일부 작업만을 마쳤습니다. (0x12B)
[1010/105235.823:ERROR:process_memory_win.cc(73)] ReadMemory at 0x1275835c270 of 62 bytes failed: ReadProcessMemory 또는 WriteProcessMemory의 일부 작업만을 마쳤습니다. (0x12B)
[1010/105235.823:ERROR:process_memory_win.cc(73)] ReadMemory at 0x1275835c3b0 of 64 bytes failed: ReadProcessMemory 또는 WriteProcessMemory의 일부 작업만을 마쳤습니다. (0x12B)
[1010/105235.850:ERROR:process_memory_win.cc(73)] ReadMemory at 0x1275835c450 of 60 bytes failed: ReadProcessMemory 또는 WriteProcessMemory의 일부 작업만을 마쳤습니다. (0x12B)
[1010/105235.851:ERROR:process_memory_win.cc(73)] ReadMemory at 0x1275835c540 of 66 bytes failed: ReadProcessMemory 또는 WriteProcessMemory의 일부 작업만을 마쳤습니다. (0x12B)
[1010/105235.851:ERROR:process_memory_win.cc(73)] ReadMemory at 0x1275835c5e0 of 62 bytes failed: ReadProcessMemory 또는 WriteProcessMemory의 일부 작업만을 마쳤습니다. (0x12B)
[1010/105235.852:ERROR:process_memory_win.cc(73)] ReadMemory at 0x1275835dec0 of 132 bytes failed: ReadProcessMemory 또는 WriteProcessMemory의 일부 작업만을 마쳤습니다. (0x12B)
[1010/105235.852:ERROR:process_memory_win.cc(73)] ReadMemory at 0x1275835e380 of 132 bytes failed: ReadProcessMemory 또는 WriteProcessMemory의 일부 작업만을 마쳤습니다. (0x12B)
[1010/105235.852:ERROR:process_memory_win.cc(73)] ReadMemory at 0x1275835e4b0 of 132 bytes failed: ReadProcessMemory 또는 WriteProcessMemory의 일부 작업만을 마쳤습니다. (0x12B)
[1010/105235.903:ERROR:process_memory_win.cc(73)] ReadMemory at 0x1275835e5e0 of 132 bytes failed: ReadProcessMemory 또는 WriteProcessMemory의 일부 작업만을 마쳤습니다. (0x12B)
[1010/105235.903:ERROR:process_memory_win.cc(73)] ReadMemory at 0x1275835e710 of 132 bytes failed: ReadProcessMemory 또는 WriteProcessMemory의 일부 작업만을 마쳤습니다. (0x12B)
[1010/105236.085:ERROR:process_memory_win.cc(73)] ReadMemory at 0x1275835e840 of 132 bytes failed: ReadProcessMemory 또는 WriteProcessMemory의 일부 작업만을 마쳤습니다. (0x12B)
[1010/105236.086:ERROR:process_memory_win.cc(73)] ReadMemory at 0x1275835e970 of 132 bytes failed: ReadProcessMemory 또는 WriteProcessMemory의 일부 작업만을 마쳤습니다. (0x12B)
[1010/105236.087:ERROR:process_memory_win.cc(73)] ReadMemory at 0x1275835fc60 of 132 bytes failed: ReadProcessMemory 또는 WriteProcessMemory의 일부 작업만을 마쳤습니다. (0x12B)
[1010/105236.087:ERROR:process_memory_win.cc(73)] ReadMemory at 0x127583603c0 of 132 bytes failed: ReadProcessMemory 또는 WriteProcessMemory의 일부 작업만을 마쳤습니다. (0x12B)
[1010/105236.088:ERROR:process_memory_win.cc(73)] ReadMemory at 0x127583604f0 of 132 bytes failed: ReadProcessMemory 또는 WriteProcessMemory의 일부 작업만을 마쳤습니다. (0x12B)
[1010/105236.124:ERROR:process_memory_win.cc(73)] ReadMemory at 0x127583622b0 of 132 bytes failed: ReadProcessMemory 또는 WriteProcessMemory의 일부 작업만을 마쳤습니다. (0x12B)
[1010/105236.125:ERROR:process_memory_win.cc(73)] ReadMemory at 0x127583624c0 of 132 bytes failed: ReadProcessMemory 또는 WriteProcessMemory의 일부 작업만을 마쳤습니다. (0x12B)
[1010/105236.126:ERROR:process_memory_win.cc(73)] ReadMemory at 0x12758367150 of 132 bytes failed: ReadProcessMemory 또는 WriteProcessMemory의 일부 작업만을 마쳤습니다. (0x12B)
[1010/105236.126:ERROR:process_memory_win.cc(73)] ReadMemory at 0x127583673b0 of 132 bytes failed: ReadProcessMemory 또는 WriteProcessMemory의 일부 작업만을 마쳤습니다. (0x12B)
[1010/105236.127:ERROR:process_memory_win.cc(73)] ReadMemory at 0x12758367610 of 132 bytes failed: ReadProcessMemory 또는 WriteProcessMemory의 일부 작업만을 마쳤습니다. (0x12B)
[1010/105236.128:ERROR:process_memory_win.cc(73)] ReadMemory at 0x127583679a0 of 132 bytes failed: ReadProcessMemory 또는 WriteProcessMemory의 일부 작업만을 마쳤습니다. (0x12B)
[1010/105236.164:ERROR:process_memory_win.cc(73)] ReadMemory at 0x12758367ad0 of 132 bytes failed: ReadProcessMemory 또는 WriteProcessMemory의 일부 작업만을 마쳤습니다. (0x12B)
[1010/105236.164:ERROR:process_memory_win.cc(73)] ReadMemory at 0x12758367c00 of 132 bytes failed: ReadProcessMemory 또는 WriteProcessMemory의 일부 작업만을 마쳤습니다. (0x12B)
[1010/105236.270:ERROR:process_memory_win.cc(73)] ReadMemory at 0x12758367d30 of 132 bytes failed: ReadProcessMemory 또는 WriteProcessMemory의 일부 작업만을 마쳤습니다. (0x12B)
[1010/105236.271:ERROR:process_memory_win.cc(73)] ReadMemory at 0x12758367e60 of 132 bytes failed: ReadProcessMemory 또는 WriteProcessMemory의 일부 작업만을 마쳤습니다. (0x12B)
[1010/105236.272:ERROR:process_memory_win.cc(73)] ReadMemory at 0x12758367f90 of 132 bytes failed: ReadProcessMemory 또는 WriteProcessMemory의 일부 작업만을 마쳤습니다. (0x12B)
[1010/105236.503:ERROR:process_memory_win.cc(73)] ReadMemory at 0x127583681f0 of 132 bytes failed: ReadProcessMemory 또는 WriteProcessMemory의 일부 작업만을 마쳤습니다. (0x12B)
[1010/105236.576:ERROR:process_memory_win.cc(73)] ReadMemory at 0x12758368450 of 132 bytes failed: ReadProcessMemory 또는 WriteProcessMemory의 일부 작업만을 마쳤습니다. (0x12B)
[1010/105236.671:ERROR:process_memory_win.cc(73)] ReadMemory at 0x127583686b0 of 132 bytes failed: ReadProcessMemory 또는 WriteProcessMemory의 일부 작업만을 마쳤습니다. (0x12B)
[1010/105236.672:ERROR:process_memory_win.cc(73)] ReadMemory at 0x127583687e0 of 132 bytes failed: ReadProcessMemory 또는 WriteProcessMemory의 일부 작업만을 마쳤습니다. (0x12B)
[1010/105236.725:ERROR:process_memory_win.cc(73)] ReadMemory at 0x12758368910 of 132 bytes failed: ReadProcessMemory 또는 WriteProcessMemory의 일부 작업만을 마쳤습니다. (0x12B)
[1010/105236.816:ERROR:process_memory_win.cc(73)] ReadMemory at 0x12758368b70 of 132 bytes failed: ReadProcessMemory 또는 WriteProcessMemory의 일부 작업만을 마쳤습니다. (0x12B)
[1010/105236.816:ERROR:process_memory_win.cc(73)] ReadMemory at 0x12758368ca0 of 132 bytes failed: ReadProcessMemory 또는 WriteProcessMemory의 일부 작업만을 마쳤습니다. (0x12B)
[1010/105236.817:ERROR:process_memory_win.cc(73)] ReadMemory at 0x1275836c0b0 of 60 bytes failed: ReadProcessMemory 또는 WriteProcessMemory의 일부 작업만을 마쳤습니다. (0x12B)
[1010/105236.817:ERROR:process_memory_win.cc(73)] ReadMemory at 0x1275836c790 of 62 bytes failed: ReadProcessMemory 또는 WriteProcessMemory의 일부 작업만을 마쳤습니다. (0x12B)
[1010/105236.818:ERROR:process_memory_win.cc(73)] ReadMemory at 0x1275836c920 of 62 bytes failed: ReadProcessMemory 또는 WriteProcessMemory의 일부 작업만을 마쳤습니다. (0x12B)
[1010/105236.818:ERROR:process_memory_win.cc(73)] ReadMemory at 0x127583b2940 of 512 bytes failed: ReadProcessMemory 또는 WriteProcessMemory의 일부 작업만을 마쳤습니다. (0x12B)
[1010/105236.819:ERROR:process_memory_win.cc(73)] ReadMemory at 0x127583c9560 of 512 bytes failed: ReadProcessMemory 또는 WriteProcessMemory의 일부 작업만을 마쳤습니다. (0x12B)
[1010/105236.819:ERROR:process_memory_win.cc(73)] ReadMemory at 0x127583ca160 of 512 bytes failed: ReadProcessMemory 또는 WriteProcessMemory의 일부 작업만을 마쳤습니다. (0x12B)
[1010/105236.819:ERROR:process_memory_win.cc(73)] ReadMemory at 0x127583ca560 of 512 bytes failed: ReadProcessMemory 또는 WriteProcessMemory의 일부 작업만을 마쳤습니다. (0x12B)
[1010/105236.820:ERROR:process_memory_win.cc(73)] ReadMemory at 0x127583d8130 of 512 bytes failed: ReadProcessMemory 또는 WriteProcessMemory의 일부 작업만을 마쳤습니다. (0x12B)
[1010/105236.821:ERROR:process_memory_win.cc(73)] ReadMemory at 0x127583e6580 of 512 bytes failed: ReadProcessMemory 또는 WriteProcessMemory의 일부 작업만을 마쳤습니다. (0x12B)
[1010/105236.821:ERROR:process_memory_win.cc(73)] ReadMemory at 0x127583e7e60 of 512 bytes failed: ReadProcessMemory 또는 WriteProcessMemory의 일부 작업만을 마쳤습니다. (0x12B)
[1010/105236.822:ERROR:process_memory_win.cc(73)] ReadMemory at 0x127583f0e40 of 712 bytes failed: ReadProcessMemory 또는 WriteProcessMemory의 일부 작업만을 마쳤습니다. (0x12B)
[1010/105236.822:ERROR:process_memory_win.cc(73)] ReadMemory at 0x12758424650 of 512 bytes failed: ReadProcessMemory 또는 WriteProcessMemory의 일부 작업만을 마쳤습니다. (0x12B)
[1010/105236.823:ERROR:process_memory_win.cc(73)] ReadMemory at 0x127584394d6 of 1228 bytes failed: ReadProcessMemory 또는 WriteProcessMemory의 일부 작업만을 마쳤습니다. (0x12B)
[1010/105236.823:ERROR:process_memory_win.cc(73)] ReadMemory at 0x12759d76398 of 512 bytes failed: ReadProcessMemory 또는 WriteProcessMemory의 일부 작업만을 마쳤습니다. (0x12B)
[1010/105236.824:ERROR:process_memory_win.cc(73)] ReadMemory at 0x12759d76788 of 512 bytes failed: ReadProcessMemory 또는 WriteProcessMemory의 일부 작업만을 마쳤습니다. (0x12B)
[1010/105236.824:ERROR:process_memory_win.cc(73)] ReadMemory at 0x12759d77988 of 512 bytes failed: ReadProcessMemory 또는 WriteProcessMemory의 일부 작업만을 마쳤습니다. (0x12B)
[1010/105236.824:ERROR:process_memory_win.cc(73)] ReadMemory at 0x12759d7ff00 of 512 bytes failed: ReadProcessMemory 또는 WriteProcessMemory의 일부 작업만을 마쳤습니다. (0x12B)
[1010/105236.824:ERROR:process_memory_win.cc(73)] ReadMemory at 0x12759e28370 of 512 bytes failed: ReadProcessMemory 또는 WriteProcessMemory의 일부 작업만을 마쳤습니다. (0x12B)
[1010/105236.825:ERROR:process_memory_win.cc(73)] ReadMemory at 0x1275a1a94f0 of 512 bytes failed: ReadProcessMemory 또는 WriteProcessMemory의 일부 작업만을 마쳤습니다. (0x12B)
[1010/105236.971:ERROR:process_memory_win.cc(73)] ReadMemory at 0x1275a1ac4d0 of 512 bytes failed: ReadProcessMemory 또는 WriteProcessMemory의 일부 작업만을 마쳤습니다. (0x12B)
[1010/105237.013:ERROR:process_memory_win.cc(73)] ReadMemory at 0x1275a554ef0 of 512 bytes failed: ReadProcessMemory 또는 WriteProcessMemory의 일부 작업만을 마쳤습니다. (0x12B)
[1010/105237.013:ERROR:process_memory_win.cc(73)] ReadMemory at 0x1275b56fe38 of 512 bytes failed: ReadProcessMemory 또는 WriteProcessMemory의 일부 작업만을 마쳤습니다. (0x12B)
[1010/105237.013:ERROR:process_memory_win.cc(73)] ReadMemory at 0x1275e03f5f0 of 512 bytes failed: ReadProcessMemory 또는 WriteProcessMemory의 일부 작업만을 마쳤습니다. (0x12B)
[1010/105237.013:ERROR:process_memory_win.cc(73)] ReadMemory at 0x6a208bedbb4 of 512 bytes failed: ReadProcessMemory 또는 WriteProcessMemory의 일부 작업만을 마쳤습니다. (0x12B)
[1010/105237.014:ERROR:process_memory_win.cc(73)] ReadMemory at 0x6a209c273a0 of 544 bytes failed: ReadProcessMemory 또는 WriteProcessMemory의 일부 작업만을 마쳤습니다. (0x12B)
[1010/105237.014:ERROR:process_memory_win.cc(73)] ReadMemory at 0x6a23953a1ec of 512 bytes failed: ReadProcessMemory 또는 WriteProcessMemory의 일부 작업만을 마쳤습니다. (0x12B)
[1010/105237.014:ERROR:process_memory_win.cc(73)] ReadMemory at 0x7ffc3cff9aac of 512 bytes failed: ReadProcessMemory 또는 WriteProcessMemory의 일부 작업만을 마쳤습니다. (0x12B)
[1010/105237.014:ERROR:process_memory_win.cc(73)] ReadMemory at 0x7ffc3cff9d93 of 512 bytes failed: ReadProcessMemory 또는 WriteProcessMemory의 일부 작업만을 마쳤습니다. (0x12B)
[1010/105237.015:ERROR:process_memory_win.cc(73)] ReadMemory at 0x7ffc42f7e108 of 512 bytes failed: ReadProcessMemory 또는 WriteProcessMemory의 일부 작업만을 마쳤습니다. (0x12B)
[1010/105237.015:ERROR:process_memory_win.cc(73)] ReadMemory at 0x7ffc64775810 of 512 bytes failed: ReadProcessMemory 또는 WriteProcessMemory의 일부 작업만을 마쳤습니다. (0x12B)
[1010/105237.015:ERROR:process_memory_win.cc(73)] ReadMemory at 0x7ffc64775ed7 of 512 bytes failed: ReadProcessMemory 또는 WriteProcessMemory의 일부 작업만을 마쳤습니다. (0x12B)
[1010/105237.015:ERROR:process_memory_win.cc(73)] ReadMemory at 0x7ffc824a1f80 of 512 bytes failed: ReadProcessMemory 또는 WriteProcessMemory의 일부 작업만을 마쳤습니다. (0x12B)
[1010/105237.016:ERROR:process_memory_win.cc(73)] ReadMemory at 0x7ffc82c5c074 of 672 bytes failed: ReadProcessMemory 또는 WriteProcessMemory의 일부 작업만을 마쳤습니다. (0x12B)
[1010/105237.016:ERROR:process_memory_win.cc(73)] ReadMemory at 0x7ffc82c5f924 of 608 bytes failed: ReadProcessMemory 또는 WriteProcessMemory의 일부 작업만을 마쳤습니다. (0x12B)
[1010/105237.016:ERROR:process_memory_win.cc(73)] ReadMemory at 0x7ffc82cec428 of 18 bytes failed: ReadProcessMemory 또는 WriteProcessMemory의 일부 작업만을 마쳤습니다. (0x12B)
[1010/105237.016:ERROR:process_memory_win.cc(73)] ReadMemory at 0x7ffc82d1f4f8 of 40 bytes failed: ReadProcessMemory 또는 WriteProcessMemory의 일부 작업만을 마쳤습니다. (0x12B)
[1010/105237.017:ERROR:process_memory_win.cc(73)] ReadMemory at 0x7ffc82d1f978 of 48 bytes failed: ReadProcessMemory 또는 WriteProcessMemory의 일부 작업만을 마쳤습니다. (0x12B)
[1010/105237.017:ERROR:process_memory_win.cc(73)] ReadMemory at 0x7ffc82d253c0 of 64 bytes failed: ReadProcessMemory 또는 WriteProcessMemory의 일부 작업만을 마쳤습니다. (0x12B)
[1010/105237.367:ERROR:scoped_process_suspend.cc(40)] NtResumeProcess: 기존 프로세스에 액세스하려고 했습니다. (0xc000010a)
